1  
7  
17  
23  
31  
41  
47  
49  
71  
73  
79  
89  
97  
103  
113  
119  
127  
137  
151  
161  
167  
191  
193  
199  
217  
223  
233  
239  
241  
257  
263  
271  
281  
287  
289  
311  
313  
329  
337  
343  
353  
359  
367  
383  
391  
401  
409  
431  
433  
439  
449  
457  
463  
479  
487  
497  
503  
511  
521  
527  
529  
553  
569  
577  
593  
599  
601  
607  
617  
623  
631  
641  
647  
673  
679  
697  
713  
719  
721  
727  
743  
751  
761  
769  
791  
799  
809  
823  
833  
839  
857  
863  
881  
887  
889  
911  
919  
929  
937  
943  
953  
959  
961  
967  
977  
983  
991  
1009  
1031  
1033  
1039  
1049  
1057  
1063  
1081  
1087  
1097  
1103  
1127  
1129  
1151  
1153  
1169  
1193  
1201  
1207  
1217  
1223  
1231  
1241  
1249  
1271  
1279  
1289  
1297  
1303  
1319  
1321  
1327  
1337  
1343  
1351  
1361  
1367  
1393  
1399  
1409  
1423  
1433  
1439  
1447  
1457  
1471  
1481  
1487  
1489  
1511  
1513  
1519  
1543  
1553  
1559  
1561  
1567  
1583  
1601  
1607  
1609  
1631  
1633  
1649  
1657  
1663  
1673  
1679  
1681  
1687  
1697  
1721  
1751  
1753  
1759  
1777  
1783  
1799  
1801  
1817  
1823  
1831  
1841  
1847  
1871  
1873  
1879  
1889  
1897  
1913  
1921  
1927  
1951  
1967  
1993  
1999  
2009  
2017  
2023  
2039  
2047  
2063  
2081  
2087  
2089  
2111  
2113  
2129  
2137  
2143  
2153  
2159  
2161  
2177  
2191  
2201  
2207  
2209  
2231  
2239  
2263  
2273  
2281  
2287  
2297  
2303  
2311  
2329  
2351  
2359  
2369  
2377  
2383  
2393  
2399  
2401  
2417  
2423  
2441  
2447  
2449  
2471  
2473  
2503  
2513  
2521  
2543  
2551  
2567  
2569  
2591  
2593  
2599  
2609  
2617  
2633  
2647  
2657  
2663  
2671  
2681  
2687  
2689  
2711  
2713  
2719  
2729  
2737  
2753  
2759  
2767  
2777  
2791  
2801  
2807  
2833  
2839  
2857  
2863  
2879  
2887  
2897  
2903  
2911  
2921  
2927  
2953  
2969  
2993  
2999  
3001  
3007  
3017  
3023  
3031  
3041  
3049  
3073  
3079  
3089  
3119  
3121  
3137  
3143  
3151  
3167  
3169  
3191  
3193  
3199  
3209  
3217  
3239  
3241  
3247  
3257  
3271  
3281  
3313  
3319  
3329  
3337  
3343  
3353  
3359  
3361  
3383  
3391  
3407  
3409  
3431  
3433  
3449  
3457  
3463  
3473  
3479  
3503  
3511  
3521  
3527  
3529  
3559  
3577  
3583  
3593  
3607  
3617  
3623  
3631  
3647  
3649  
3671  
3673  
3689  
3697  
3703  
3713  
3719  
3727  
3761  
3767  
3769  
3791  
3793  
3823  
3833  
3841  
3847  
3863  
3871  
3881  
3889  
3911  
3919  
3929  
3937  
3943  
3961  
3967  
3977  
3983  
4001  
4007  
4039  
4049  
4057  
4063  
4073  
4079  
4097  
4111  
4127  
4129  
4151  
4153  
4159  
4177  
4183  
4193  
4201  
4207  
4217  
4223  
4231  
4241  
4247  
4249  
4271  
4273  
4289  
4297  
4319  
4327  
4337  
4361  
4369  
4391  
4393  
4409  
4417  
4423  
4439  
4441  
4447  
4457  
4463  
4471  
4481  
4487  
4513  
4519  
4529  
4559  
4561  
4567  
4577  
4583  
4591  
4607  
4633  
4639  
4649  
4657  
4663  
4673  
4679  
4681  
4703  
4711  
4721  
4729  
4751  
4753  
4759  
4777  
4783  
4793  
4799  
4801  
4817  
4831  
4841  
4871  
4879  
4889  
4903  
4913  
4919  
4937  
4943  
4951  
4967  
4969  
4991  
4993  
4999  
5009  
5023  
5033  
5039  
5041  
5047  
5081  
5087  
5089  
5113  
5119  
5129  
5153  
5167  
5177  
5183  
5201  
5207  
5209  
5231  
5233  
5257  
5273  
5279  
5281  
5287  
5297  
5303  
5311  
5321  
5327  
5329  
5351  
5359  
5383  
