a          b          c          s          t          d
==========================================================
3          4          5          1          2          1
20          21          29          2          5          1
119          120          169          5          12          1
696          697          985          12          29          1
5          12          13          2          3          7
8          15          17          1          4          7
48          55          73          3          8          7
65          72          97          4          9          7
297          304          425          8          19          7
396          403          565          9          22          7
7          24          25          3          4          17
28          45          53          2          7          17
88          105          137          4          11          17
207          224          305          7          16          17
555          572          797          11          26          17
12          35          37          1          6          23
33          56          65          4          7          23
133          156          205          6          13          23
252          275          373          7          18          23
832          855          1193          13          32          23
9          40          41          4          5          31
60          91          109          3          10          31
140          171          221          5          14          31
429          460          629          10          23          31
893          924          1285          14          33          31
36          77          85          2          9          41
39          80          89          5          8          41
319          360          481          9          20          41
336          377          505          8          21          41
16          63          65          1          8          47
85          132          157          6          11          47
225          272          353          8          17          47
616          663          905          11          28          47
11          60          61          5          6          49
104          153          185          4          13          49
204          253          325          6          17          49
731          780          1069          13          30          49
13          84          85          6          7          71
160          231          281          5          16          71
280          351          449          7          20          71
44          117          125          2          11          73
95          168          193          7          12          73
455          528          697          11          24          73
744          817          1105          12          31          73
20          99          101          1          10          79
161          240          289          8          15          79
341          420          541          10          21          79
51          140          149          7          10          89
120          209          241          4          15          89
540          629          829          10          27          89
931          1020          1381          15          34          89
15          112          113          7          8          97
228          325          397          6          19          97
368          465          593          8          23          97
84          187          205          3          14          103
105          208          233          8          13          103
765          868          1157          14          31          103
884          987          1325          13          34          103
52          165          173          2          13          113
175          288          337          9          16          113
615          728          953          13          28          113
24          143          145          1          12          119
57          176          185          8          11          119
180          299          349          5          18          119
261          380          461          10          19          119
481          600          769          12          25          119
660          779          1021          11          30          119
17          144          145          8          9          127
308          435          533          7          22          127
468          595          757          9          26          127
115          252          277          9          14          137
136          273          305          4          17          137
96          247          265          3          16          151
189          340          389          10          17          151
969          1120          1481          16          35          151
19          180          181          9          10          161
60          221          229          2          15          161
279          440          521          11          20          161
400          561          689          8          25          161
580          741          941          10          29          161
799          960          1249          15          32          161
28          195          197          1          14          167
385          552          673          12          23          167
645          812          1037          14          29          167
69          260          269          10          13          191
336          527          625          7          24          191
936          1127          1465          13          36          191
152          345          377          4          19          193
203          396          445          11          18          193
21          220          221          10          11          199
504          703          865          9          28          199
704          903          1145          11          32          199
68          285          293          2          17          217
135          352          377          11          16          217
276          493          565          6          23          217
407          624          745          13          24          217
32          255          257          1          16          223
533          756          925          14          27          223
833          1056          1345          16          33          223
75          308          317          11          14          233
432          665          793          8          27          233
217          456          505          12          19          239
220          459          509          5          22          239
23          264          265          11          12          241
620          861          1061          10          31          241
840          1081          1369          12          35          241
168          425          457          4          21          257
315          572          653          13          22          257
145          408          433          12          17          263
364          627          725          7          26          263
120          391          409          3          20          271
429          700          821          14          25          271
76          357          365          2          19          281
559          840          1009          15          28          281
25          312          313          12          13          287
36          323          325          1          18          287
705          992          1217          16          31          287
748          1035          1277          11          34          287
988          1275          1613          13          38          287
231          520          569          13          20          289
300          589          661          6          25          289
240          551          601          5          24          311
333          644          725          14          23          311
155          468          493          13          18          313
464          777          905          8          29          313
87          416          425          13          16          329
184          513          545          4          23          329
451          780          901          15          26          329
660          989          1189          10          33          329
27          364          365          13          14          337
888          1225          1513          12          37          337
132          475          493          3          22          343
585          928          1097          16          29          343
84          437          445          2          21          353
735          1088          1313          17          32          353
40          399          401          1          20          359
901          1260          1549          18          35          359
165          532          557          14          19          367
576          943          1105          9          32          367
93          476          485          14          17          383
792          1175          1417          11          36          383
29          420          421          14          15          391
260          651          701          5          26          391
473          864          985          16          27          391
259          660          709          15          22          401
496          897          1025          8          31          401
200          609          641          4          25          409
611          1020          1189          17          30          409
369          800          881          16          25          431
420          851          949          7          30          431
92          525          533          2          23          433
935          1368          1657          19          36          433
44          483          485          1          22          439
31          480          481          15          16          449
348          805          877          6          29          457
495          952          1073          17          28          457
273          736          785          16          23          463
612          1075          1237          9          34          463
280          759          809          5          28          479
637          1116          1285          18          31          479
185          672          697          16          21          487
836          1323          1565          11          38          487
216          713          745          4          27          497
387          884          965          17          26          497
528          1025          1153          8          33          497
795          1292          1517          19          34          497
105          608          617          16          19          503
33          544          545          16          17          511
156          667          685          3          26          511
969          1480          1769          20          37          511
100          621          629          2          25          521
48          575          577          1          24          527
448          975          1073          7          32          527
517          1044          1165          18          29          527
287          816          865          17          24          529
740          1269          1469          10          37          529
195          748          773          17          22          553
372          925          997          6          31          553
663          1216          1385          19          32          553
984          1537          1825          12          41          553
111          680          689          17          20          569
35          612          613          17          18          577
232          825          857          4          29          593
301          900          949          18          25          599
880          1479          1721          11          40          599
539          1140          1261          19          30          601
560          1161          1289          8          35          601
168          775          793          3          28          607
108          725          733          2          27          617
52          675          677          1          26          623
205          828          853          18          23          623
476          1107          1205          7          34          631
689          1320          1489          20          33          631
423          1064          1145          19          28          641
780          1421          1621          10          39          641
37          684          685          18          19          647
315          988          1037          19          26          673
320          999          1049          5          32          679
561          1240          1361          20          31          679
684          1363          1525          9          38          679
215          912          937          19          24          697
248          945          977          4          31          697
123          836          845          19          22          713
592          1305          1433          8          37          713
715          1428          1597          21          34          713
441          1160          1241          20          29          719
924          1643          1885          11          42          719
39          760          761          19          20          721
116          837          845          2          29          721
56          783          785          1          28          727
504          1247          1345          7          36          743
885          1628          1853          22          37          743
329          1080          1129          20          27          751
583          1344          1465          21          32          761
820          1581          1781          10          41          761
420          1189          1261          6          35          769
129          920          929          20          23          791
340          1131          1181          5          34          791
41          840          841          20          21          799
720          1519          1681          9          40          799
741          1540          1709          22          35          799
264          1073          1105          4          33          809
192          1015          1033          3          32          823
124          957          965          2          31          833
624          1457          1585          8          39          833
915          1748          1973          23          38          833
60          899          901          1          30          839
235          1092          1117          21          26          857
532          1395          1493          7          38          863
43          924          925          21          22          881
477          1364          1445          22          31          887
444          1333          1405          6          37          889
767          1656          1825          23          36          889
860          1749          1949          10          43          889
360          1271          1321          5          36          911
357          1276          1325          22          29          919
280          1209          1241          4          35          929
627          1564          1685          23          34          937
204          1147          1165          3          34          943
245          1188          1213          22          27          943
132          1085          1093          2          33          953
64          1023          1025          1          32          959
141          1100          1109          22          25          959
656          1617          1745          8          41          961
45          1012          1013          22          23          967
495          1472          1553          23          32          977
793          1776          1945          24          37          983
560          1551          1649          7          40          991
